<?xml version="1.0" encoding="UTF-8"?>
<!-- Generated by org.testng.reporters.JUnitXMLReporter -->
<testsuite ignored="0" hostname="OCA-dev200325s-MacBook-Air.local" failures="2" tests="2" name="Surefire test" time="2.007" errors="0" timestamp="2025-05-18T22:56:41 WIB">
  <testcase classname="restassured.ecom" name="testGetListObject" time="1.093">
    <failure type="java.lang.AssertionError" message="Expected status code 200 but got 404">
      <![CDATA[java.lang.AssertionError: Expected status code 200 but got 404
at restassured.ecom.testGetListObject(ecom.java:79)
at java.base/java.util.ArrayList.forEach(ArrayList.java:1604)
... Removed 30 stack frames]]>
    </failure>
  </testcase> <!-- testGetListObject -->
  <testcase classname="restassured.ecom" name="toPostObject" time="0.859">
    <failure type="java.lang.AssertionError" message="Expected status code 200 but got 404">
      <![CDATA[java.lang.AssertionError: Expected status code 200 but got 404
at restassured.ecom.toPostObject(ecom.java:58)
at java.base/java.util.ArrayList.forEach(ArrayList.java:1604)
... Removed 30 stack frames]]>
    </failure>
  </testcase> <!-- toPostObject -->
</testsuite> <!-- Surefire test -->
