<?xml version="1.0" encoding="UTF-8"?>
<testsuite xmlns:xsi="http://www.w3.org/2001/XMLSchema-instance" xsi:noNamespaceSchemaLocation="https://maven.apache.org/surefire/maven-surefire-plugin/xsd/surefire-test-report.xsd" version="3.0.2" name="cucumber.runners.CucumberRunner" time="6.053" tests="6" errors="0" skipped="0" failures="1">
  <properties>
[...]
</properties>
  <testcase name="runScenario[&quot;&quot;, &quot;Object API&quot;](1)" classname="cucumber.runners.CucumberRunner" time="0.028">
    <system-out><![CDATA[
Scenario:                                             &amp#27;[90m# src/test/resources/feature/object.feature:3&amp#27;[0m
  &amp#27;[32mGiven &amp#27;[0m&amp#27;[32mthe base url is &amp#27;[0m&amp#27;[32m&amp#27;[1m"https://whitesmokehouse.com"&amp#27;[0m &amp#27;[90m# cucumber.definitions.ObjectDefinition.set_base_Url(java.lang.String)&amp#27;[0m
]]></system-out>
    <system-err><![CDATA[SLF4J(W): No SLF4J providers were found.
SLF4J(W): Defaulting to no-operation (NOP) logger implementation
SLF4J(W): See https://www.slf4j.org/codes.html#noProviders for further details.
]]></system-err>
  </testcase>
  <testcase name="runScenario[&quot;&quot;, &quot;Object API&quot;](2)" classname="cucumber.runners.CucumberRunner" time="1.85">
    <system-out><![CDATA[
Scenario:                                                            &amp#27;[90m# src/test/resources/feature/object.feature:6&amp#27;[0m
  &amp#27;[32mWhen &amp#27;[0m&amp#27;[32mSend a http &amp#27;[0m&amp#27;[32m&amp#27;[1m"POST"&amp#27;[0m&amp#27;[32m request to &amp#27;[0m&amp#27;[32m&amp#27;[1m"/webhook/api/login"&amp#27;[0m&amp#27;[32m with body:&amp#27;[0m &amp#27;[90m# cucumber.definitions.ObjectDefinition.login_auth(java.lang.String,java.lang.String,java.lang.String)&amp#27;[0m
  &amp#27;[32mThen &amp#27;[0m&amp#27;[32mThe response status code should be &amp#27;[0m&amp#27;[32m&amp#27;[1m200&amp#27;[0m                        &amp#27;[90m# cucumber.definitions.ObjectDefinition.The_response_status_must_be(int)&amp#27;[0m
  &amp#27;[32mAnd &amp#27;[0m&amp#27;[32mSave the token from the response to local storage&amp#27;[0m              &amp#27;[90m# cucumber.definitions.ObjectDefinition.saveToken()&amp#27;[0m
]]></system-out>
  </testcase>
  <testcase name="runScenario[&quot;&quot;, &quot;Object API&quot;](3)" classname="cucumber.runners.CucumberRunner" time="0.7">
    <system-out><![CDATA[
Scenario:                                                              &amp#27;[90m# src/test/resources/feature/object.feature:18&amp#27;[0m
  &amp#27;[32mWhen &amp#27;[0m&amp#27;[32mSend a http &amp#27;[0m&amp#27;[32m&amp#27;[1m"POST"&amp#27;[0m&amp#27;[32m request to &amp#27;[0m&amp#27;[32m&amp#27;[1m"/webhook/api/objects"&amp#27;[0m&amp#27;[32m with body:&amp#27;[0m &amp#27;[90m# cucumber.definitions.ObjectDefinition.login_auth(java.lang.String,java.lang.String,java.lang.String)&amp#27;[0m
  &amp#27;[32mThen &amp#27;[0m&amp#27;[32mThe response status code should be &amp#27;[0m&amp#27;[32m&amp#27;[1m200&amp#27;[0m                          &amp#27;[90m# cucumber.definitions.ObjectDefinition.The_response_status_must_be(int)&amp#27;[0m
Object ID: 1081
  &amp#27;[32mAnd &amp#27;[0m&amp#27;[32mSave the object id from the response to local storage&amp#27;[0m            &amp#27;[90m# cucumber.definitions.ObjectDefinition.saveObjectId()&amp#27;[0m
]]></system-out>
  </testcase>
  <testcase name="runScenario[&quot;&quot;, &quot;Object API&quot;](4)" classname="cucumber.runners.CucumberRunner" time="0.819">
    <failure message="Cannot deserialize value of type `java.util.ArrayList&lt;com.demo.model.ResponseObject&gt;` from Object value (token `JsonToken.START_OBJECT`)&#10; at [Source: REDACTED (`StreamReadFeature.INCLUDE_SOURCE_IN_LOCATION` disabled); line: 1, column: 1]" type="com.fasterxml.jackson.databind.exc.MismatchedInputException"><![CDATA[com.fasterxml.jackson.databind.exc.MismatchedInputException: 
Cannot deserialize value of type `java.util.ArrayList<com.demo.model.ResponseObject>` from Object value (token `JsonToken.START_OBJECT`)
 at [Source: REDACTED (`StreamReadFeature.INCLUDE_SOURCE_IN_LOCATION` disabled); line: 1, column: 1]
	at com.fasterxml.jackson.databind.exc.MismatchedInputException.from(MismatchedInputException.java:59)
	at com.fasterxml.jackson.databind.DeserializationContext.reportInputMismatch(DeserializationContext.java:1767)
	at com.fasterxml.jackson.databind.DeserializationContext.handleUnexpectedToken(DeserializationContext.java:1541)
	at com.fasterxml.jackson.databind.DeserializationContext.handleUnexpectedToken(DeserializationContext.java:1488)
	at com.fasterxml.jackson.databind.deser.std.CollectionDeserializer.handleNonArray(CollectionDeserializer.java:402)
	at com.fasterxml.jackson.databind.deser.std.CollectionDeserializer.deserialize(CollectionDeserializer.java:254)
	at com.fasterxml.jackson.databind.deser.std.CollectionDeserializer.deserialize(CollectionDeserializer.java:30)
	at com.fasterxml.jackson.databind.deser.DefaultDeserializationContext.readRootValue(DefaultDeserializationContext.java:342)
	at com.fasterxml.jackson.databind.ObjectMapper._readMapAndClose(ObjectMapper.java:4917)
	at com.fasterxml.jackson.databind.ObjectMapper.readValue(ObjectMapper.java:3860)
	at com.fasterxml.jackson.databind.ObjectMapper.readValue(ObjectMapper.java:3843)
	at cucumber.definitions.ObjectDefinition.checkName(ObjectDefinition.java:82)
	at ✽.Name in the response must be "Ipad Winda di-Update"(file:///Users/dev2000325/bootcamp/Testing/winda-restassured/src/test/resources/feature/object.feature:55)
]]></failure>
    <system-out><![CDATA[
Scenario:                                                                                                     &amp#27;[90m# src/test/resources/feature/object.feature:37&amp#27;[0m
  &amp#27;[32mGiven &amp#27;[0m&amp#27;[32mMake sure token in local storage not empty&amp#27;[0m                                                            &amp#27;[90m# cucumber.definitions.ObjectDefinition.checkToken()&amp#27;[0m
Response Winda: {"status":"failed","message":"Object with id = 0 doesn't exist"}
  &amp#27;[32mWhen &amp#27;[0m&amp#27;[32mI send a http &amp#27;[0m&amp#27;[32m&amp#27;[1m"PUT"&amp#27;[0m&amp#27;[32m request to &amp#27;[0m&amp#27;[32m&amp#27;[1m"/webhook/37777abe-a5ef-4570-a383-c99b5f5f7906/api/objects/"&amp#27;[0m&amp#27;[32m with body:&amp#27;[0m &amp#27;[90m# cucumber.definitions.ObjectDefinition.updateObject(java.lang.String,java.lang.String,java.lang.String)&amp#27;[0m
  &amp#27;[32mThen &amp#27;[0m&amp#27;[32mThe response status code should be &amp#27;[0m&amp#27;[32m&amp#27;[1m200&amp#27;[0m                                                                 &amp#27;[90m# cucumber.definitions.ObjectDefinition.The_response_status_must_be(int)&amp#27;[0m
  &amp#27;[31mAnd &amp#27;[0m&amp#27;[31mName in the response must be &amp#27;[0m&amp#27;[31m&amp#27;[1m"Ipad Winda di-Update"&amp#27;[0m                                                     &amp#27;[90m# cucumber.definitions.ObjectDefinition.checkName(java.lang.String)&amp#27;[0m
      &amp#27;[31mcom.fasterxml.jackson.databind.exc.MismatchedInputException: Cannot deserialize value of type `java.util.ArrayList<com.demo.model.ResponseObject>` from Object value (token `JsonToken.START_OBJECT`)
 at [Source: REDACTED (`StreamReadFeature.INCLUDE_SOURCE_IN_LOCATION` disabled); line: 1, column: 1]
	at com.fasterxml.jackson.databind.exc.MismatchedInputException.from(MismatchedInputException.java:59)
	at com.fasterxml.jackson.databind.DeserializationContext.reportInputMismatch(DeserializationContext.java:1767)
	at com.fasterxml.jackson.databind.DeserializationContext.handleUnexpectedToken(DeserializationContext.java:1541)
	at com.fasterxml.jackson.databind.DeserializationContext.handleUnexpectedToken(DeserializationContext.java:1488)
	at com.fasterxml.jackson.databind.deser.std.CollectionDeserializer.handleNonArray(CollectionDeserializer.java:402)
	at com.fasterxml.jackson.databind.deser.std.CollectionDeserializer.deserialize(CollectionDeserializer.java:254)
	at com.fasterxml.jackson.databind.deser.std.CollectionDeserializer.deserialize(CollectionDeserializer.java:30)
	at com.fasterxml.jackson.databind.deser.DefaultDeserializationContext.readRootValue(DefaultDeserializationContext.java:342)
	at com.fasterxml.jackson.databind.ObjectMapper._readMapAndClose(ObjectMapper.java:4917)
	at com.fasterxml.jackson.databind.ObjectMapper.readValue(ObjectMapper.java:3860)
	at com.fasterxml.jackson.databind.ObjectMapper.readValue(ObjectMapper.java:3843)
	at cucumber.definitions.ObjectDefinition.checkName(ObjectDefinition.java:82)
	at ✽.Name in the response must be "Ipad Winda di-Update"(file:///Users/dev2000325/bootcamp/Testing/winda-restassured/src/test/resources/feature/object.feature:55)
&amp#27;[0m
  &amp#27;[36mAnd &amp#27;[0m&amp#27;[36mCPU Model in the response must be &amp#27;[0m&amp#27;[36m&amp#27;[1m"Chipset A13"&amp#27;[0m                                                         &amp#27;[90m# cucumber.definitions.ObjectDefinition.checkCPUModel(java.lang.String)&amp#27;[0m
  &amp#27;[36mAnd &amp#27;[0m&amp#27;[36mScreen size in the response must be &amp#27;[0m&amp#27;[36m&amp#27;[1m"10.9 Inch"&amp#27;[0m                                                         &amp#27;[90m# cucumber.definitions.ObjectDefinition.checkScreenSize(java.lang.String)&amp#27;[0m
]]></system-out>
  </testcase>
  <testcase name="runScenario[&quot;&quot;, &quot;Object API&quot;](5)" classname="cucumber.runners.CucumberRunner" time="1.317">
    <system-out><![CDATA[
Scenario:                                                                            &amp#27;[90m# src/test/resources/feature/object.feature:59&amp#27;[0m
  &amp#27;[32mGiven &amp#27;[0m&amp#27;[32mMake sure token in local storage not empty&amp#27;[0m                                   &amp#27;[90m# cucumber.definitions.ObjectDefinition.checkToken()&amp#27;[0m
Response Delete: 
  &amp#27;[32mWhen &amp#27;[0m&amp#27;[32mUser Send a http &amp#27;[0m&amp#27;[32m&amp#27;[1m"GET"&amp#27;[0m&amp#27;[32m request to &amp#27;[0m&amp#27;[32m&amp#27;[1m"/webhook/api/objectslistId?id="&amp#27;[0m&amp#27;[32m with body:&amp#27;[0m &amp#27;[90m# cucumber.definitions.ObjectDefinition.deletebject(java.lang.String,java.lang.String,java.lang.String)&amp#27;[0m
  &amp#27;[32mThen &amp#27;[0m&amp#27;[32mThe response status code should be &amp#27;[0m&amp#27;[32m&amp#27;[1m200&amp#27;[0m                                        &amp#27;[90m# cucumber.definitions.ObjectDefinition.The_response_status_must_be(int)&amp#27;[0m
  &amp#27;[32mWhen &amp#27;[0m&amp#27;[32mSend a http &amp#27;[0m&amp#27;[32m&amp#27;[1m"GET"&amp#27;[0m&amp#27;[32m request to &amp#27;[0m&amp#27;[32m&amp#27;[1m"/webhook/api/objectslistId?id="&amp#27;[0m&amp#27;[32m with body:&amp#27;[0m      &amp#27;[90m# cucumber.definitions.ObjectDefinition.login_auth(java.lang.String,java.lang.String,java.lang.String)&amp#27;[0m
  &amp#27;[32mThen &amp#27;[0m&amp#27;[32mThe response status code should be &amp#27;[0m&amp#27;[32m&amp#27;[1m200&amp#27;[0m                                        &amp#27;[90m# cucumber.definitions.ObjectDefinition.The_response_status_must_be(int)&amp#27;[0m
]]></system-out>
  </testcase>
  <testcase name="runScenario[&quot;&quot;, &quot;Object API&quot;](6)" classname="cucumber.runners.CucumberRunner" time="0.702">
    <system-out><![CDATA[
Scenario:                                                                                                           &amp#27;[90m# src/test/resources/feature/object.feature:72&amp#27;[0m
  &amp#27;[32mGiven &amp#27;[0m&amp#27;[32mMake sure token in local storage not empty&amp#27;[0m                                                                  &amp#27;[90m# cucumber.definitions.ObjectDefinition.checkToken()&amp#27;[0m
Response Delete: {"status":"failed","message":"object with id = 0 has been deleted or doesn't exist"}
  &amp#27;[32mWhen &amp#27;[0m&amp#27;[32mUser Send a http &amp#27;[0m&amp#27;[32m&amp#27;[1m"DELETE"&amp#27;[0m&amp#27;[32m request to &amp#27;[0m&amp#27;[32m&amp#27;[1m"/webhook/d79a30ed-1066-48b6-83f5-556120afc46f/api/objects/"&amp#27;[0m&amp#27;[32m with body:&amp#27;[0m &amp#27;[90m# cucumber.definitions.ObjectDefinition.deletebject(java.lang.String,java.lang.String,java.lang.String)&amp#27;[0m
  &amp#27;[32mThen &amp#27;[0m&amp#27;[32mThe response status code should be &amp#27;[0m&amp#27;[32m&amp#27;[1m200&amp#27;[0m                                                                       &amp#27;[90m# cucumber.definitions.ObjectDefinition.The_response_status_must_be(int)&amp#27;[0m
]]></system-out>
  </testcase>
</testsuite>