<?xml version="1.0" encoding="UTF-8"?>
<!-- Generated by org.testng.reporters.JUnitReportReporter -->
<testsuite hostname="OCA-dev200325s-MacBook-Air.local" failures="0" tests="6" name="cucumber.runners.CucumberRunner" time="5.412" errors="1" timestamp="2025-05-31T22:24:46 WIB" skipped="0">
  <testcase classname="cucumber.runners.CucumberRunner" name="runScenario" time="1.316"/>
  <testcase classname="cucumber.runners.CucumberRunner" name="runScenario" time="0.700"/>
  <testcase classname="cucumber.runners.CucumberRunner" name="runScenario" time="0.701"/>
  <testcase classname="cucumber.runners.CucumberRunner" name="runScenario" time="0.817">
    <error message="Cannot deserialize value of type `java.util.ArrayList&lt;com.demo.model.ResponseObject&gt;` from Object value (token `JsonToken.START_OBJECT`)
 at [Source: REDACTED (`StreamReadFeature.INCLUDE_SOURCE_IN_LOCATION` disabled); line: 1, column: 1]" type="com.fasterxml.jackson.databind.exc.MismatchedInputException">
      <![CDATA[com.fasterxml.jackson.databind.exc.MismatchedInputException: Cannot deserialize value of type `java.util.ArrayList<com.demo.model.ResponseObject>` from Object value (token `JsonToken.START_OBJECT`)
 at [Source: REDACTED (`StreamReadFeature.INCLUDE_SOURCE_IN_LOCATION` disabled); line: 1, column: 1]
at com.fasterxml.jackson.databind.exc.MismatchedInputException.from(MismatchedInputException.java:59)
at com.fasterxml.jackson.databind.DeserializationContext.reportInputMismatch(DeserializationContext.java:1767)
at com.fasterxml.jackson.databind.DeserializationContext.handleUnexpectedToken(DeserializationContext.java:1541)
at com.fasterxml.jackson.databind.DeserializationContext.handleUnexpectedToken(DeserializationContext.java:1488)
at com.fasterxml.jackson.databind.deser.std.CollectionDeserializer.handleNonArray(CollectionDeserializer.java:402)
at com.fasterxml.jackson.databind.deser.std.CollectionDeserializer.deserialize(CollectionDeserializer.java:254)
at com.fasterxml.jackson.databind.deser.std.CollectionDeserializer.deserialize(CollectionDeserializer.java:30)
at com.fasterxml.jackson.databind.deser.DefaultDeserializationContext.readRootValue(DefaultDeserializationContext.java:342)
at com.fasterxml.jackson.databind.ObjectMapper._readMapAndClose(ObjectMapper.java:4917)
at com.fasterxml.jackson.databind.ObjectMapper.readValue(ObjectMapper.java:3860)
at com.fasterxml.jackson.databind.ObjectMapper.readValue(ObjectMapper.java:3843)
at cucumber.definitions.ObjectDefinition.checkName(ObjectDefinition.java:82)
at ✽.Name in the response must be "Ipad Winda di-Update"(file:///Users/dev2000325/bootcamp/Testing/winda-restassured/src/test/resources/feature/object.feature:55)
]]>
    </error>
  </testcase> <!-- runScenario -->
  <testcase classname="cucumber.runners.CucumberRunner" name="runScenario" time="0.028"/>
  <testcase classname="cucumber.runners.CucumberRunner" name="runScenario" time="1.850"/>
</testsuite> <!-- cucumber.runners.CucumberRunner -->
